TN:s21_test
SF:/home/pauluses/Desktop/C7_SmartCalc_v1.0-0/src/s21_calc.c
FN:3,AddTmp
FNDA:38,AddTmp
FN:9,ReadSign
FNDA:6,ReadSign
FN:20,ReadSkob
FNDA:10,ReadSkob
FN:28,ReadFunction
FNDA:5,ReadFunction
FN:68,ReadLexem
FNDA:21,ReadLexem
FN:77,ReadNumber
FNDA:13,ReadNumber
FN:102,ReadExpression
FNDA:6,ReadExpression
FN:125,inversstack
FNDA:12,inversstack
FN:132,RPN_skob
FNDA:5,RPN_skob
FN:164,RPN
FNDA:6,RPN
FN:190,calculate
FNDA:6,calculate
FN:228,CalcFunction
FNDA:4,CalcFunction
FN:251,CalcSign
FNDA:9,CalcSign
FN:268,s21_calc
FNDA:6,s21_calc
DA:3,38
DA:4,38
DA:5,38
DA:6,38
DA:7,38
DA:9,6
DA:10,6
DA:11,2
DA:12,4
DA:13,2
DA:14,2
DA:15,1
DA:16,1
DA:17,1
DA:18,6
DA:20,10
DA:21,10
DA:22,5
DA:23,5
DA:24,5
DA:26,10
DA:28,5
DA:29,5
DA:30,0
DA:31,0
DA:32,0
DA:33,0
DA:34,0
DA:35,0
DA:37,5
DA:38,1
DA:39,1
DA:40,4
DA:41,1
DA:42,0
DA:43,0
DA:44,1
DA:45,1
DA:46,1
DA:47,0
DA:48,0
DA:49,0
DA:51,3
DA:52,1
DA:53,1
DA:54,2
DA:55,1
DA:56,0
DA:57,0
DA:58,1
DA:59,1
DA:60,1
DA:62,1
DA:63,1
DA:64,1
DA:66,5
DA:68,21
DA:69,21
DA:70,10
DA:71,11
DA:72,6
DA:73,5
DA:74,5
DA:75,21
DA:77,13
DA:78,13
DA:79,13
DA:80,13
DA:81,48
DA:82,35
DA:83,22
DA:84,22
DA:86,13
DA:89,13
DA:90,13
DA:91,8
DA:92,8
DA:93,8
DA:95,5
DA:97,13
DA:102,6
DA:103,6
DA:104,6
DA:105,42
DA:106,36
DA:107,36
DA:108,13
DA:109,23
DA:110,2
DA:111,2
DA:112,2
DA:113,2
DA:116,2
DA:118,21
DA:120,36
DA:121,36
DA:123,6
DA:125,12
DA:126,78
DA:127,66
DA:128,66
DA:130,12
DA:132,5
DA:133,5
DA:134,5
DA:135,5
DA:136,23
DA:137,18
DA:138,9
DA:139,9
DA:140,9
DA:141,4
DA:142,0
DA:143,0
DA:144,0
DA:146,4
DA:147,4
DA:149,5
DA:150,0
DA:152,5
DA:153,5
DA:157,9
DA:158,4
DA:159,4
DA:161,5
DA:162,5
DA:164,6
DA:165,6
DA:166,6
DA:167,6
DA:168,28
DA:169,22
DA:170,6
DA:171,6
DA:172,16
DA:173,5
DA:174,11
DA:175,11
DA:176,2
DA:177,2
DA:179,9
DA:180,9
DA:184,13
DA:185,7
DA:186,7
DA:188,6
DA:190,6
DA:191,6
DA:192,6
DA:193,6
DA:194,34
DA:195,28
DA:196,28
DA:197,15
DA:198,15
DA:200,13
DA:201,13
DA:202,9
DA:203,9
DA:204,9
DA:205,9
DA:206,9
DA:207,9
DA:208,9
DA:213,4
DA:214,4
DA:215,4
DA:216,4
DA:217,4
DA:224,6
DA:225,6
DA:226,6
DA:228,4
DA:229,4
DA:230,0
DA:231,4
DA:232,1
DA:233,3
DA:234,1
DA:235,2
DA:236,0
DA:237,2
DA:238,1
DA:239,1
DA:240,0
DA:241,1
DA:242,0
DA:243,1
DA:244,0
DA:245,1
DA:246,1
DA:248,4
DA:251,9
DA:252,9
DA:253,2
DA:254,7
DA:255,2
DA:256,5
DA:257,2
DA:258,3
DA:259,1
DA:260,2
DA:261,1
DA:262,1
DA:263,1
DA:265,9
DA:268,6
DA:269,6
DA:270,6
DA:271,6
DA:272,6
DA:273,6
DA:274,6
DA:275,6
end_of_record
TN:s21_test
SF:/home/pauluses/Desktop/C7_SmartCalc_v1.0-0/src/s21_test.c
FN:9,calc_test_fn
FNDA:1,calc_test_fn
FN:93,main
FNDA:2,main
DA:9,1
DA:11,1
DA:12,1
DA:13,1
DA:14,1
DA:15,1
DA:16,1
DA:19,0
DA:24,1
DA:25,1
DA:26,1
DA:27,1
DA:28,1
DA:29,1
DA:32,0
DA:36,1
DA:37,1
DA:38,1
DA:39,1
DA:40,1
DA:41,1
DA:44,0
DA:48,1
DA:49,1
DA:50,1
DA:51,1
DA:52,1
DA:53,1
DA:56,0
DA:60,1
DA:61,1
DA:62,1
DA:63,1
DA:64,1
DA:66,0
DA:70,1
DA:71,1
DA:72,1
DA:73,1
DA:74,1
DA:77,0
DA:81,1
DA:82,1
DA:83,1
DA:86,1
DA:87,1
DA:88,1
DA:90,1
DA:93,2
DA:94,2
DA:95,2
DA:96,2
DA:99,2
DA:100,2
DA:102,2
DA:103,1
DA:104,1
DA:106,1
end_of_record
TN:s21_test
SF:/home/pauluses/Desktop/C7_SmartCalc_v1.0-0/src/s21_validator.c
FN:3,delete_space
FNDA:8,delete_space
FN:10,is_num
FNDA:141,is_num
FN:12,check_function
FNDA:32,check_function
FN:48,check_minus
FNDA:41,check_minus
FN:52,check_flags
FNDA:58,check_flags
FN:61,check_number_x
FNDA:0,check_number_x
FN:85,validator
FNDA:8,validator
DA:3,8
DA:5,102
DA:6,94
DA:7,8
DA:8,8
DA:10,141
DA:12,32
DA:13,32
DA:14,32
DA:15,32
DA:17,192
DA:18,32
DA:19,292
DA:20,270
DA:21,10
DA:22,10
DA:25,53
DA:26,38
DA:27,15
DA:28,15
DA:30,32
DA:31,10
DA:32,2
DA:33,2
DA:35,0
DA:37,8
DA:38,0
DA:39,8
DA:40,6
DA:41,2
DA:42,2
DA:45,32
DA:48,41
DA:49,41
DA:52,58
DA:53,58
DA:54,58
DA:55,68
DA:56,13
DA:57,10
DA:58,58
DA:61,0
DA:62,0
DA:63,0
DA:64,0
DA:65,0
DA:66,0
DA:67,0
DA:68,0
DA:69,0
DA:70,0
DA:71,0
DA:73,0
DA:75,0
DA:77,0
DA:79,0
DA:80,0
DA:82,0
DA:85,8
DA:86,8
DA:87,8
DA:88,8
DA:89,8
DA:90,8
DA:91,8
DA:92,57
DA:93,49
DA:94,20
DA:95,31
DA:96,4
DA:97,2
DA:98,27
DA:99,0
DA:100,0
DA:101,0
DA:102,27
DA:103,5
DA:104,5
DA:105,22
DA:106,6
DA:107,16
DA:108,3
DA:109,13
DA:110,6
DA:111,6
DA:112,12
DA:113,5
DA:114,5
DA:115,5
DA:117,2
DA:119,49
DA:120,49
DA:122,8
DA:124,8
end_of_record
TN:s21_test
SF:/home/pauluses/Desktop/C7_SmartCalc_v1.0-0/src/s21_stack.c
FN:3,push_stack
FNDA:178,push_stack
FN:15,pop_stack
FNDA:178,pop_stack
FN:22,top_stack
FNDA:0,top_stack
DA:3,178
DA:5,178
DA:6,178
DA:7,178
DA:8,178
DA:9,178
DA:10,178
DA:11,178
DA:13,178
DA:15,178
DA:16,178
DA:17,178
DA:18,178
DA:19,178
DA:20,178
DA:22,0
DA:23,0
DA:24,0
end_of_record
